{"/Users/arun/Documents/Projects/BackEndAssignments/TestingREST-APIs-AuthenticationProject/backend/_tests_/integrationtest/mocktest.js": {"path":"/Users/arun/Documents/Projects/BackEndAssignments/TestingREST-APIs-AuthenticationProject/backend/_tests_/integrationtest/mocktest.js","statementMap":{"0":{"start":{"line":9,"column":0},"end":{"line":17,"column":null}},"1":{"start":{"line":10,"column":2},"end":{"line":16,"column":null}},"2":{"start":{"line":11,"column":4},"end":{"line":11,"column":null}},"3":{"start":{"line":12,"column":4},"end":{"line":15,"column":null}},"4":{"start":{"line":13,"column":6},"end":{"line":13,"column":null}},"5":{"start":{"line":14,"column":6},"end":{"line":14,"column":null}},"6":{"start":{"line":20,"column":0},"end":{"line":22,"column":null}},"7":{"start":{"line":21,"column":2},"end":{"line":21,"column":null}},"8":{"start":{"line":21,"column":34},"end":{"line":21,"column":55}},"9":{"start":{"line":25,"column":0},"end":{"line":27,"column":null}},"10":{"start":{"line":26,"column":1},"end":{"line":26,"column":null}},"11":{"start":{"line":32,"column":2},"end":{"line":74,"column":null}},"12":{"start":{"line":33,"column":17},"end":{"line":33,"column":67}},"13":{"start":{"line":35,"column":20},"end":{"line":37,"column":5}},"14":{"start":{"line":39,"column":4},"end":{"line":41,"column":null}},"15":{"start":{"line":40,"column":6},"end":{"line":40,"column":null}},"16":{"start":{"line":43,"column":16},"end":{"line":65,"column":5}},"17":{"start":{"line":52,"column":19},"end":{"line":52,"column":21}},"18":{"start":{"line":54,"column":8},"end":{"line":56,"column":null}},"19":{"start":{"line":55,"column":10},"end":{"line":55,"column":null}},"20":{"start":{"line":58,"column":8},"end":{"line":63,"column":null}},"21":{"start":{"line":59,"column":10},"end":{"line":62,"column":null}},"22":{"start":{"line":67,"column":4},"end":{"line":67,"column":null}},"23":{"start":{"line":69,"column":4},"end":{"line":71,"column":null}},"24":{"start":{"line":70,"column":6},"end":{"line":70,"column":null}},"25":{"start":{"line":73,"column":4},"end":{"line":73,"column":null}}},"fnMap":{"0":{"name":"(anonymous_0)","decl":{"start":{"line":9,"column":10},"end":{"line":9,"column":11}},"loc":{"start":{"line":9,"column":16},"end":{"line":17,"column":1}},"line":9},"1":{"name":"(anonymous_1)","decl":{"start":{"line":10,"column":21},"end":{"line":10,"column":22}},"loc":{"start":{"line":10,"column":34},"end":{"line":16,"column":3}},"line":10},"2":{"name":"(anonymous_2)","decl":{"start":{"line":12,"column":21},"end":{"line":12,"column":22}},"loc":{"start":{"line":12,"column":27},"end":{"line":15,"column":5}},"line":12},"3":{"name":"(anonymous_3)","decl":{"start":{"line":20,"column":9},"end":{"line":20,"column":10}},"loc":{"start":{"line":20,"column":15},"end":{"line":22,"column":1}},"line":20},"4":{"name":"(anonymous_4)","decl":{"start":{"line":21,"column":21},"end":{"line":21,"column":22}},"loc":{"start":{"line":21,"column":34},"end":{"line":21,"column":55}},"line":21},"5":{"name":"(anonymous_5)","decl":{"start":{"line":25,"column":11},"end":{"line":25,"column":12}},"loc":{"start":{"line":25,"column":17},"end":{"line":27,"column":1}},"line":25},"6":{"name":"request","decl":{"start":{"line":31,"column":16},"end":{"line":31,"column":23}},"loc":{"start":{"line":31,"column":52},"end":{"line":75,"column":null}},"line":31},"7":{"name":"(anonymous_7)","decl":{"start":{"line":32,"column":21},"end":{"line":32,"column":22}},"loc":{"start":{"line":32,"column":42},"end":{"line":74,"column":3}},"line":32},"8":{"name":"(anonymous_8)","decl":{"start":{"line":51,"column":6},"end":{"line":51,"column":7}},"loc":{"start":{"line":51,"column":15},"end":{"line":64,"column":null}},"line":51},"9":{"name":"(anonymous_9)","decl":{"start":{"line":54,"column":23},"end":{"line":54,"column":24}},"loc":{"start":{"line":54,"column":34},"end":{"line":56,"column":9}},"line":54},"10":{"name":"(anonymous_10)","decl":{"start":{"line":58,"column":22},"end":{"line":58,"column":23}},"loc":{"start":{"line":58,"column":28},"end":{"line":63,"column":9}},"line":58}},"branchMap":{"0":{"loc":{"start":{"line":31,"column":38},"end":{"line":31,"column":50}},"type":"default-arg","locations":[{"start":{"line":31,"column":48},"end":{"line":31,"column":50}}],"line":31},"1":{"loc":{"start":{"line":33,"column":17},"end":{"line":33,"column":67}},"type":"cond-expr","locations":[{"start":{"line":33,"column":32},"end":{"line":33,"column":60}},{"start":{"line":33,"column":63},"end":{"line":33,"column":67}}],"line":33},"2":{"loc":{"start":{"line":39,"column":4},"end":{"line":41,"column":null}},"type":"if","locations":[{"start":{"line":39,"column":4},"end":{"line":41,"column":null}},{"start":{},"end":{}}],"line":39},"3":{"loc":{"start":{"line":61,"column":18},"end":{"line":61,"column":null}},"type":"cond-expr","locations":[{"start":{"line":61,"column":25},"end":{"line":61,"column":41}},{"start":{"line":61,"column":44},"end":{"line":61,"column":null}}],"line":61},"4":{"loc":{"start":{"line":69,"column":4},"end":{"line":71,"column":null}},"type":"if","locations":[{"start":{"line":69,"column":4},"end":{"line":71,"column":null}},{"start":{},"end":{}}],"line":69}},"s":{"0":1,"1":1,"2":1,"3":1,"4":1,"5":1,"6":1,"7":1,"8":1,"9":1,"10":12,"11":12,"12":12,"13":12,"14":12,"15":6,"16":12,"17":12,"18":12,"19":12,"20":12,"21":12,"22":12,"23":12,"24":8,"25":12},"f":{"0":1,"1":1,"2":1,"3":1,"4":1,"5":12,"6":12,"7":12,"8":12,"9":12,"10":12},"b":{"0":[12],"1":[8,4],"2":[6,6],"3":[12,0],"4":[8,4]},"meta":{"lastBranch":5,"lastFunction":11,"lastStatement":26,"seen":{"s:9:0:17:Infinity":0,"f:9:10:9:11":0,"s:10:2:16:Infinity":1,"f:10:21:10:22":1,"s:11:4:11:Infinity":2,"s:12:4:15:Infinity":3,"f:12:21:12:22":2,"s:13:6:13:Infinity":4,"s:14:6:14:Infinity":5,"s:20:0:22:Infinity":6,"f:20:9:20:10":3,"s:21:2:21:Infinity":7,"f:21:21:21:22":4,"s:21:34:21:55":8,"s:25:0:27:Infinity":9,"f:25:11:25:12":5,"s:26:1:26:Infinity":10,"f:31:16:31:23":6,"b:31:48:31:50":0,"s:32:2:74:Infinity":11,"f:32:21:32:22":7,"s:33:17:33:67":12,"b:33:32:33:60:33:63:33:67":1,"s:35:20:37:5":13,"b:39:4:41:Infinity:undefined:undefined:undefined:undefined":2,"s:39:4:41:Infinity":14,"s:40:6:40:Infinity":15,"s:43:16:65:5":16,"f:51:6:51:7":8,"s:52:19:52:21":17,"s:54:8:56:Infinity":18,"f:54:23:54:24":9,"s:55:10:55:Infinity":19,"s:58:8:63:Infinity":20,"f:58:22:58:23":10,"s:59:10:62:Infinity":21,"b:61:25:61:41:61:44:61:Infinity":3,"s:67:4:67:Infinity":22,"b:69:4:71:Infinity:undefined:undefined:undefined:undefined":4,"s:69:4:71:Infinity":23,"s:70:6:70:Infinity":24,"s:73:4:73:Infinity":25}}}
,"/Users/arun/Documents/Projects/BackEndAssignments/TestingREST-APIs-AuthenticationProject/backend/src/app.js": {"path":"/Users/arun/Documents/Projects/BackEndAssignments/TestingREST-APIs-AuthenticationProject/backend/src/app.js","statementMap":{"0":{"start":{"line":5,"column":11},"end":{"line":5,"column":21}},"1":{"start":{"line":7,"column":0},"end":{"line":10,"column":null}},"2":{"start":{"line":12,"column":0},"end":{"line":12,"column":null}},"3":{"start":{"line":13,"column":0},"end":{"line":13,"column":null}}},"fnMap":{},"branchMap":{"0":{"loc":{"start":{"line":8,"column":12},"end":{"line":8,"column":62}},"type":"binary-expr","locations":[{"start":{"line":8,"column":12},"end":{"line":8,"column":35}},{"start":{"line":8,"column":39},"end":{"line":8,"column":62}}],"line":8}},"s":{"0":1,"1":1,"2":1,"3":1},"f":{},"b":{"0":[1,1]},"meta":{"lastBranch":1,"lastFunction":0,"lastStatement":4,"seen":{"s:5:11:5:21":0,"s:7:0:10:Infinity":1,"b:8:12:8:35:8:39:8:62":0,"s:12:0:12:Infinity":2,"s:13:0:13:Infinity":3}}}
,"/Users/arun/Documents/Projects/BackEndAssignments/TestingREST-APIs-AuthenticationProject/backend/src/data/store.js": {"path":"/Users/arun/Documents/Projects/BackEndAssignments/TestingREST-APIs-AuthenticationProject/backend/src/data/store.js","statementMap":{"0":{"start":{"line":1,"column":12},"end":{"line":13,"column":1}},"1":{"start":{"line":15,"column":13},"end":{"line":15,"column":15}},"2":{"start":{"line":18,"column":2},"end":{"line":18,"column":null}},"3":{"start":{"line":22,"column":2},"end":{"line":22,"column":null}},"4":{"start":{"line":22,"column":25},"end":{"line":22,"column":46}},"5":{"start":{"line":26,"column":15},"end":{"line":26,"column":66}},"6":{"start":{"line":27,"column":2},"end":{"line":27,"column":null}},"7":{"start":{"line":28,"column":2},"end":{"line":28,"column":null}},"8":{"start":{"line":32,"column":15},"end":{"line":32,"column":34}},"9":{"start":{"line":33,"column":2},"end":{"line":33,"column":null}},"10":{"start":{"line":33,"column":13},"end":{"line":33,"column":null}},"11":{"start":{"line":34,"column":2},"end":{"line":34,"column":null}},"12":{"start":{"line":35,"column":2},"end":{"line":35,"column":null}},"13":{"start":{"line":39,"column":2},"end":{"line":49,"column":null}},"14":{"start":{"line":50,"column":2},"end":{"line":50,"column":null}}},"fnMap":{"0":{"name":"getAllBooks","decl":{"start":{"line":17,"column":16},"end":{"line":17,"column":27}},"loc":{"start":{"line":17,"column":30},"end":{"line":19,"column":null}},"line":17},"1":{"name":"getBookById","decl":{"start":{"line":21,"column":16},"end":{"line":21,"column":27}},"loc":{"start":{"line":21,"column":32},"end":{"line":23,"column":null}},"line":21},"2":{"name":"(anonymous_2)","decl":{"start":{"line":22,"column":20},"end":{"line":22,"column":21}},"loc":{"start":{"line":22,"column":25},"end":{"line":22,"column":46}},"line":22},"3":{"name":"addBook","decl":{"start":{"line":25,"column":16},"end":{"line":25,"column":23}},"loc":{"start":{"line":25,"column":50},"end":{"line":29,"column":null}},"line":25},"4":{"name":"addReview","decl":{"start":{"line":31,"column":16},"end":{"line":31,"column":25}},"loc":{"start":{"line":31,"column":42},"end":{"line":36,"column":null}},"line":31},"5":{"name":"resetStore","decl":{"start":{"line":38,"column":16},"end":{"line":38,"column":26}},"loc":{"start":{"line":38,"column":29},"end":{"line":51,"column":null}},"line":38}},"branchMap":{"0":{"loc":{"start":{"line":33,"column":2},"end":{"line":33,"column":null}},"type":"if","locations":[{"start":{"line":33,"column":2},"end":{"line":33,"column":null}},{"start":{},"end":{}}],"line":33}},"s":{"0":2,"1":2,"2":4,"3":12,"4":48,"5":6,"6":6,"7":6,"8":7,"9":7,"10":2,"11":5,"12":5,"13":23,"14":23},"f":{"0":4,"1":12,"2":48,"3":6,"4":7,"5":23},"b":{"0":[2,5]},"meta":{"lastBranch":1,"lastFunction":6,"lastStatement":15,"seen":{"s:1:12:13:1":0,"s:15:13:15:15":1,"f:17:16:17:27":0,"s:18:2:18:Infinity":2,"f:21:16:21:27":1,"s:22:2:22:Infinity":3,"f:22:20:22:21":2,"s:22:25:22:46":4,"f:25:16:25:23":3,"s:26:15:26:66":5,"s:27:2:27:Infinity":6,"s:28:2:28:Infinity":7,"f:31:16:31:25":4,"s:32:15:32:34":8,"b:33:2:33:Infinity:undefined:undefined:undefined:undefined":0,"s:33:2:33:Infinity":9,"s:33:13:33:Infinity":10,"s:34:2:34:Infinity":11,"s:35:2:35:Infinity":12,"f:38:16:38:26":5,"s:39:2:49:Infinity":13,"s:50:2:50:Infinity":14}}}
,"/Users/arun/Documents/Projects/BackEndAssignments/TestingREST-APIs-AuthenticationProject/backend/src/middleware/verifytoken.js": {"path":"/Users/arun/Documents/Projects/BackEndAssignments/TestingREST-APIs-AuthenticationProject/backend/src/middleware/verifytoken.js","statementMap":{"0":{"start":{"line":4,"column":21},"end":{"line":4,"column":46}},"1":{"start":{"line":6,"column":2},"end":{"line":8,"column":null}},"2":{"start":{"line":7,"column":4},"end":{"line":7,"column":null}},"3":{"start":{"line":10,"column":16},"end":{"line":10,"column":40}},"4":{"start":{"line":12,"column":2},"end":{"line":18,"column":null}},"5":{"start":{"line":13,"column":20},"end":{"line":13,"column":59}},"6":{"start":{"line":14,"column":4},"end":{"line":14,"column":null}},"7":{"start":{"line":15,"column":4},"end":{"line":15,"column":null}},"8":{"start":{"line":17,"column":4},"end":{"line":17,"column":null}}},"fnMap":{"0":{"name":"verifyToken","decl":{"start":{"line":3,"column":22},"end":{"line":3,"column":33}},"loc":{"start":{"line":3,"column":50},"end":{"line":19,"column":null}},"line":3}},"branchMap":{"0":{"loc":{"start":{"line":6,"column":2},"end":{"line":8,"column":null}},"type":"if","locations":[{"start":{"line":6,"column":2},"end":{"line":8,"column":null}},{"start":{},"end":{}}],"line":6},"1":{"loc":{"start":{"line":6,"column":6},"end":{"line":6,"column":54}},"type":"binary-expr","locations":[{"start":{"line":6,"column":6},"end":{"line":6,"column":17}},{"start":{"line":6,"column":21},"end":{"line":6,"column":54}}],"line":6}},"s":{"0":8,"1":8,"2":2,"3":6,"4":6,"5":6,"6":6,"7":6,"8":0},"f":{"0":8},"b":{"0":[2,6],"1":[8,6]},"meta":{"lastBranch":2,"lastFunction":1,"lastStatement":9,"seen":{"f:3:22:3:33":0,"s:4:21:4:46":0,"b:6:2:8:Infinity:undefined:undefined:undefined:undefined":0,"s:6:2:8:Infinity":1,"b:6:6:6:17:6:21:6:54":1,"s:7:4:7:Infinity":2,"s:10:16:10:40":3,"s:12:2:18:Infinity":4,"s:13:20:13:59":5,"s:14:4:14:Infinity":6,"s:15:4:15:Infinity":7,"s:17:4:17:Infinity":8}}}
,"/Users/arun/Documents/Projects/BackEndAssignments/TestingREST-APIs-AuthenticationProject/backend/src/routes/books.js": {"path":"/Users/arun/Documents/Projects/BackEndAssignments/TestingREST-APIs-AuthenticationProject/backend/src/routes/books.js","statementMap":{"0":{"start":{"line":5,"column":14},"end":{"line":5,"column":23}},"1":{"start":{"line":8,"column":0},"end":{"line":10,"column":null}},"2":{"start":{"line":9,"column":2},"end":{"line":9,"column":null}},"3":{"start":{"line":12,"column":0},"end":{"line":16,"column":null}},"4":{"start":{"line":13,"column":14},"end":{"line":13,"column":41}},"5":{"start":{"line":14,"column":2},"end":{"line":14,"column":null}},"6":{"start":{"line":14,"column":13},"end":{"line":14,"column":null}},"7":{"start":{"line":15,"column":2},"end":{"line":15,"column":null}},"8":{"start":{"line":19,"column":0},"end":{"line":26,"column":null}},"9":{"start":{"line":20,"column":35},"end":{"line":20,"column":43}},"10":{"start":{"line":21,"column":4},"end":{"line":23,"column":null}},"11":{"start":{"line":22,"column":4},"end":{"line":22,"column":null}},"12":{"start":{"line":24,"column":14},"end":{"line":24,"column":48}},"13":{"start":{"line":25,"column":2},"end":{"line":25,"column":null}},"14":{"start":{"line":28,"column":0},"end":{"line":36,"column":null}},"15":{"start":{"line":29,"column":30},"end":{"line":29,"column":38}},"16":{"start":{"line":30,"column":2},"end":{"line":32,"column":null}},"17":{"start":{"line":31,"column":4},"end":{"line":31,"column":null}},"18":{"start":{"line":33,"column":14},"end":{"line":33,"column":82}},"19":{"start":{"line":34,"column":2},"end":{"line":34,"column":null}},"20":{"start":{"line":34,"column":13},"end":{"line":34,"column":null}},"21":{"start":{"line":35,"column":2},"end":{"line":35,"column":null}}},"fnMap":{"0":{"name":"(anonymous_0)","decl":{"start":{"line":8,"column":16},"end":{"line":8,"column":17}},"loc":{"start":{"line":8,"column":30},"end":{"line":10,"column":1}},"line":8},"1":{"name":"(anonymous_1)","decl":{"start":{"line":12,"column":19},"end":{"line":12,"column":20}},"loc":{"start":{"line":12,"column":33},"end":{"line":16,"column":1}},"line":12},"2":{"name":"(anonymous_2)","decl":{"start":{"line":19,"column":30},"end":{"line":19,"column":31}},"loc":{"start":{"line":19,"column":44},"end":{"line":26,"column":1}},"line":19},"3":{"name":"(anonymous_3)","decl":{"start":{"line":28,"column":41},"end":{"line":28,"column":42}},"loc":{"start":{"line":28,"column":55},"end":{"line":36,"column":1}},"line":28}},"branchMap":{"0":{"loc":{"start":{"line":14,"column":2},"end":{"line":14,"column":null}},"type":"if","locations":[{"start":{"line":14,"column":2},"end":{"line":14,"column":null}},{"start":{},"end":{}}],"line":14},"1":{"loc":{"start":{"line":21,"column":4},"end":{"line":23,"column":null}},"type":"if","locations":[{"start":{"line":21,"column":4},"end":{"line":23,"column":null}},{"start":{},"end":{}}],"line":21},"2":{"loc":{"start":{"line":21,"column":8},"end":{"line":21,"column":35}},"type":"binary-expr","locations":[{"start":{"line":21,"column":8},"end":{"line":21,"column":14}},{"start":{"line":21,"column":18},"end":{"line":21,"column":25}},{"start":{"line":21,"column":29},"end":{"line":21,"column":35}}],"line":21},"3":{"loc":{"start":{"line":30,"column":2},"end":{"line":32,"column":null}},"type":"if","locations":[{"start":{"line":30,"column":2},"end":{"line":32,"column":null}},{"start":{},"end":{}}],"line":30},"4":{"loc":{"start":{"line":30,"column":6},"end":{"line":30,"column":25}},"type":"binary-expr","locations":[{"start":{"line":30,"column":6},"end":{"line":30,"column":13}},{"start":{"line":30,"column":17},"end":{"line":30,"column":25}}],"line":30},"5":{"loc":{"start":{"line":34,"column":2},"end":{"line":34,"column":null}},"type":"if","locations":[{"start":{"line":34,"column":2},"end":{"line":34,"column":null}},{"start":{},"end":{}}],"line":34}},"s":{"0":1,"1":1,"2":2,"3":1,"4":2,"5":2,"6":1,"7":1,"8":1,"9":3,"10":3,"11":1,"12":2,"13":2,"14":1,"15":3,"16":3,"17":1,"18":2,"19":2,"20":1,"21":1},"f":{"0":2,"1":2,"2":3,"3":3},"b":{"0":[1,1],"1":[1,2],"2":[3,3,2],"3":[1,2],"4":[3,3],"5":[1,1]},"meta":{"lastBranch":6,"lastFunction":4,"lastStatement":22,"seen":{"s:5:14:5:23":0,"s:8:0:10:Infinity":1,"f:8:16:8:17":0,"s:9:2:9:Infinity":2,"s:12:0:16:Infinity":3,"f:12:19:12:20":1,"s:13:14:13:41":4,"b:14:2:14:Infinity:undefined:undefined:undefined:undefined":0,"s:14:2:14:Infinity":5,"s:14:13:14:Infinity":6,"s:15:2:15:Infinity":7,"s:19:0:26:Infinity":8,"f:19:30:19:31":2,"s:20:35:20:43":9,"b:21:4:23:Infinity:undefined:undefined:undefined:undefined":1,"s:21:4:23:Infinity":10,"b:21:8:21:14:21:18:21:25:21:29:21:35":2,"s:22:4:22:Infinity":11,"s:24:14:24:48":12,"s:25:2:25:Infinity":13,"s:28:0:36:Infinity":14,"f:28:41:28:42":3,"s:29:30:29:38":15,"b:30:2:32:Infinity:undefined:undefined:undefined:undefined":3,"s:30:2:32:Infinity":16,"b:30:6:30:13:30:17:30:25":4,"s:31:4:31:Infinity":17,"s:33:14:33:82":18,"b:34:2:34:Infinity:undefined:undefined:undefined:undefined":5,"s:34:2:34:Infinity":19,"s:34:13:34:Infinity":20,"s:35:2:35:Infinity":21}}}
}
